Using pre-set license

 COMMAND LINE ARGUMENTS:
/Applications/Unity/Hub/Editor/2021.1.5f1/Unity.app/Contents/MacOS/Unity
-adb2
-batchMode
-noUpm
-name
AssetImportWorker0
-projectPath
/Users/matt/Downloads/UI builder test 2
-logFile
Logs/AssetImportWorker0.log
-srvPort
52478
Successfully changed project path to: /Users/matt/Downloads/UI builder test 2
/Users/matt/Downloads/UI builder test 2
Using Asset Import Pipeline V2.
Refreshing native plugins compatible for Editor in 99.50 ms, found 1 plugins.
Preloading 0 native plugins for Editor in 0.00 ms.
Initialize engine version: 2021.1.5f1 (3737af19df53)
[Subsystems] Discovering subsystems at path /Applications/Unity/Hub/Editor/2021.1.5f1/Unity.app/Contents/Resources/UnitySubsystems
[Subsystems] Discovering subsystems at path /Users/matt/Downloads/UI builder test 2/Assets
GfxDevice: creating device client; threaded=0; jobified=0
2021-05-19 11:25:05.655 Unity[3753:168024] iMac preferred device: AMD Radeon Pro 560X (high power)
2021-05-19 11:25:05.655 Unity[3753:168024] Metal devices available: 2
2021-05-19 11:25:05.655 Unity[3753:168024] 0: AMD Radeon Pro 560X (high power)
2021-05-19 11:25:05.655 Unity[3753:168024] 1: Intel(R) UHD Graphics 630 (low power)
2021-05-19 11:25:05.656 Unity[3753:168024] Using device AMD Radeon Pro 560X (high power)
Initializing Metal device caps: AMD Radeon Pro 560X
Initialize mono
Mono path[0] = '/Applications/Unity/Hub/Editor/2021.1.5f1/Unity.app/Contents/Managed'
Mono path[1] = '/Applications/Unity/Hub/Editor/2021.1.5f1/Unity.app/Contents/MonoBleedingEdge/lib/mono/unityjit'
Mono config path = '/Applications/Unity/Hub/Editor/2021.1.5f1/Unity.app/Contents/MonoBleedingEdge/etc'
Using monoOptions --debugger-agent=transport=dt_socket,embedding=1,server=y,suspend=n,address=127.0.0.1:56753
Begin MonoManager ReloadAssembly
Registering precompiled unity dll's ...
Register platform support module: /Applications/Unity/Hub/Editor/2021.1.5f1/Unity.app/Contents/PlaybackEngines/MacStandaloneSupport/UnityEditor.OSXStandalone.Extensions.dll
Registered in 0.000319 seconds.
Native extension for OSXStandalone target not found
Refreshing native plugins compatible for Editor in 85.76 ms, found 1 plugins.
Preloading 0 native plugins for Editor in 0.00 ms.
Mono: successfully reloaded assembly
- Completed reload, in  3.057 seconds
Platform modules already initialized, skipping
Registering precompiled user dll's ...
Registered in 0.001415 seconds.
Begin MonoManager ReloadAssembly
Symbol file LoadedFromMemory is not a mono symbol file
Multiple scripted importers are targeting the extension 'uxml' and have all been rejected: UnityEditor.UIElements.UIElementsViewImporter (assembly: /Applications/Unity/Hub/Editor/2021.1.5f1/Unity.app/Contents/Managed/UnityEngine/UnityEditor.UIElementsModule.dll), UnityEditor.UIElements.UIElementsViewImporter (assembly: /Applications/Unity/Hub/Editor/2021.1.5f1/Unity.app/Contents/Managed/UnityEngine/UnityEditor.UIElementsModule.dll) 
UnityEngine.StackTraceUtility:ExtractStackTrace () (at /Users/bokken/buildslave/unity/build/Runtime/Export/Scripting/StackTrace.cs:37)
UnityEngine.DebugLogHandler:LogFormat (UnityEngine.LogType,UnityEngine.Object,string,object[])
UnityEngine.Logger:Log (UnityEngine.LogType,object)
UnityEngine.Debug:LogError (object)
UnityEditor.AssetImporters.ScriptedImporter:RegisterScriptedImporters () (at /Users/bokken/buildslave/unity/build/Modules/AssetPipelineEditor/Public/ScriptedImporter.cs:89)

(Filename: /Users/bokken/buildslave/unity/build/Runtime/Export/Scripting/StackTrace.cs Line: 37)

Multiple scripted importers are targeting the extension 'uss' and have all been rejected: UnityEditor.UIElements.StyleSheets.StyleSheetImporter (assembly: /Applications/Unity/Hub/Editor/2021.1.5f1/Unity.app/Contents/Managed/UnityEngine/UnityEditor.UIElementsModule.dll), UnityEditor.UIElements.StyleSheets.StyleSheetImporter (assembly: /Applications/Unity/Hub/Editor/2021.1.5f1/Unity.app/Contents/Managed/UnityEngine/UnityEditor.UIElementsModule.dll) 
UnityEngine.StackTraceUtility:ExtractStackTrace () (at /Users/bokken/buildslave/unity/build/Runtime/Export/Scripting/StackTrace.cs:37)
UnityEngine.DebugLogHandler:LogFormat (UnityEngine.LogType,UnityEngine.Object,string,object[])
UnityEngine.Logger:Log (UnityEngine.LogType,object)
UnityEngine.Debug:LogError (object)
UnityEditor.AssetImporters.ScriptedImporter:RegisterScriptedImporters () (at /Users/bokken/buildslave/unity/build/Modules/AssetPipelineEditor/Public/ScriptedImporter.cs:89)

(Filename: /Users/bokken/buildslave/unity/build/Runtime/Export/Scripting/StackTrace.cs Line: 37)

Multiple scripted importers are targeting the extension 'tss' and have all been rejected: UnityEditor.UIElements.StyleSheets.ThemeStyleSheetImporter (assembly: /Applications/Unity/Hub/Editor/2021.1.5f1/Unity.app/Contents/Managed/UnityEngine/UnityEditor.UIElementsModule.dll), UnityEditor.UIElements.StyleSheets.ThemeStyleSheetImporter (assembly: /Applications/Unity/Hub/Editor/2021.1.5f1/Unity.app/Contents/Managed/UnityEngine/UnityEditor.UIElementsModule.dll) 
UnityEngine.StackTraceUtility:ExtractStackTrace () (at /Users/bokken/buildslave/unity/build/Runtime/Export/Scripting/StackTrace.cs:37)
UnityEngine.DebugLogHandler:LogFormat (UnityEngine.LogType,UnityEngine.Object,string,object[])
UnityEngine.Logger:Log (UnityEngine.LogType,object)
UnityEngine.Debug:LogError (object)
UnityEditor.AssetImporters.ScriptedImporter:RegisterScriptedImporters () (at /Users/bokken/buildslave/unity/build/Modules/AssetPipelineEditor/Public/ScriptedImporter.cs:89)

(Filename: /Users/bokken/buildslave/unity/build/Runtime/Export/Scripting/StackTrace.cs Line: 37)

ArgumentException: An item with the same key has already been added. Key: UnityEditor.UIElements.EditorAtlasMonitorInjector
Parameter name: key
  at System.Collections.Generic.SortedList`2[TKey,TValue].Add (TKey key, TValue value) [0x00041] in <480201908ed94ddaa0561e2e6e0ddd4e>:0 
  at UnityEditor.AssetPostprocessingInternal.GetTextureProcessorsHashString () [0x000a6] in /Users/bokken/buildslave/unity/build/Editor/Mono/AssetPostprocessor.cs:468 
UnityEngine.DebugLogHandler:Internal_LogException(Exception, Object)
UnityEngine.DebugLogHandler:LogException(Exception, Object)
UnityEngine.Logger:LogException(Exception, Object)
UnityEngine.Debug:LogException(Exception)
UnityEditor.AssetPostprocessingInternal:GetTextureProcessorsHashString() (at /Users/bokken/buildslave/unity/build/Editor/Mono/AssetPostprocessor.cs:477)

(Filename: /Users/bokken/buildslave/unity/build/Editor/Mono/AssetPostprocessor.cs Line: 468)

Native extension for OSXStandalone target not found
Refreshing native plugins compatible for Editor in 85.02 ms, found 1 plugins.
Preloading 0 native plugins for Editor in 0.00 ms.
ASSEMBLY OVERRIDES: * override found for Unity assembly UnityEngine.UIElementsModule.dll (override path Library/ScriptAssemblies/UnityEngine.UIElementsModule.dll)
ASSEMBLY OVERRIDES: * override found for Unity assembly UnityEditor.UIBuilderModule.dll (override path Library/ScriptAssemblies/UnityEditor.UIBuilderModule.dll)
ASSEMBLY OVERRIDES: * override found for Unity assembly UnityEditor.UIElementsModule.dll (override path Library/ScriptAssemblies/UnityEditor.UIElementsModule.dll)
System.ArgumentException: A factory for the type Unity.UI.Builder.BuilderPane+UxmlFactory was already registered
  at UnityEngine.UIElements.VisualElementFactoryRegistry.RegisterFactory (UnityEngine.UIElements.IUxmlFactory factory) [0x00040] in /Users/bokken/buildslave/unity/build/External/MirroredPackageSources/com.unity.ui/Core/UXML/VisualElementFactoryRegistry.cs:36 
  at UnityEditor.UIElements.UXMLEditorFactories..cctor () [0x0028e] in /Users/bokken/buildslave/unity/build/External/MirroredPackageSources/com.unity.ui/Editor/UXMLEditorFactories.cs:104 
UnityEngine.StackTraceUtility:ExtractStackTrace () (at /Users/bokken/buildslave/unity/build/Runtime/Export/Scripting/StackTrace.cs:37)
UnityEngine.DebugLogHandler:LogFormat (UnityEngine.LogType,UnityEngine.Object,string,object[])
UnityEngine.Logger:Log (UnityEngine.LogType,object)
UnityEngine.Debug:LogError (object)
UnityEditor.EditorAssemblies:ProcessInitializeOnLoadAttributes (System.Type[]) (at /Users/bokken/buildslave/unity/build/Editor/Mono/EditorAssemblies.cs:118)

(Filename: /Users/bokken/buildslave/unity/build/Runtime/Export/Scripting/StackTrace.cs Line: 37)

System.ArgumentException: A factory for the type Unity.UI.Builder.BuilderPane+UxmlFactory was already registered
  at UnityEngine.UIElements.VisualElementFactoryRegistry.RegisterFactory (UnityEngine.UIElements.IUxmlFactory factory) [0x00040] in /Users/bokken/buildslave/unity/build/External/MirroredPackageSources/com.unity.ui/Core/UXML/VisualElementFactoryRegistry.cs:36 
  at UnityEditor.UIElements.UXMLEditorFactories..cctor () [0x0028e] in /Users/bokken/buildslave/unity/build/External/MirroredPackageSources/com.unity.ui/Editor/UXMLEditorFactories.cs:104 
UnityEngine.StackTraceUtility:ExtractStackTrace () (at /Users/bokken/buildslave/unity/build/Runtime/Export/Scripting/StackTrace.cs:37)
UnityEngine.DebugLogHandler:LogFormat (UnityEngine.LogType,UnityEngine.Object,string,object[])
UnityEngine.Logger:Log (UnityEngine.LogType,object)
UnityEngine.Debug:LogError (object)
UnityEditor.EditorAssemblies:ProcessInitializeOnLoadAttributes (System.Type[]) (at /Users/bokken/buildslave/unity/build/Editor/Mono/EditorAssemblies.cs:118)

(Filename: /Users/bokken/buildslave/unity/build/Runtime/Export/Scripting/StackTrace.cs Line: 37)

FieldAccessException: Field `UnityEngine.UIElements.TextDelegates:ImportDefaultTextSettings' is inaccessible from method `UnityEditor.UIElements.Text.TextDelegates:InitializeDelegates ()'


FieldAccessException: Field `UnityEngine.UIElements.TextHandleFactory:CreateEditorHandle' is inaccessible from method `UnityEngine.UIElements.Text.TextCoreHandle:InjectTextCoreHandle ()'


FieldAccessException: Field `UnityEngine.UIElements.TextDelegates:GetFont' is inaccessible from method `UnityEngine.UIElements.Text.TextDelegates:InitializeDelegates ()'
  at UnityEngine.UIElements.Text.TextDelegates.EditorInitialization () [0x00001] in /Users/matt/Downloads/UI builder test 2/Library/PackageCache/com.unity.ui@1.0.0-preview.14/Text/Delegates/TextDelegates.cs:38 

(Filename: Library/PackageCache/com.unity.ui@1.0.0-preview.14/Text/Delegates/TextDelegates.cs Line: 38)

UnityException: The MakeClientFunc has already been registered. Registration denied.
  at UnityEngine.UIElements.DragAndDropUtility.RegisterMakeClientFunc (System.Func`1[TResult] makeClient) [0x0000d] in /Users/bokken/buildslave/unity/build/External/MirroredPackageSources/com.unity.ui/Core/DragAndDrop/DragAndDropUtility.cs:30 
  at UnityEditor.UIElements.EditorDragAndDrop.RegisterEditorClient () [0x00001] in /Users/bokken/buildslave/unity/build/External/MirroredPackageSources/com.unity.ui/Editor/EditorDragAndDrop.cs:15 

(Filename: /Users/bokken/buildslave/unity/build/External/MirroredPackageSources/com.unity.ui/Core/DragAndDrop/DragAndDropUtility.cs Line: 30)

UnityException: The MakeDropdownFunc has already been registered. Registration denied.
  at UnityEngine.UIElements.DropdownUtility.RegisterMakeDropdownFunc (System.Func`1[TResult] makeClient) [0x0000d] in /Users/bokken/buildslave/unity/build/External/MirroredPackageSources/com.unity.ui/Core/DropdownUtility.cs:17 
  at UnityEditor.UIElements.EditorMenuExtensions.RegisterEditorDropdown () [0x00001] in /Users/bokken/buildslave/unity/build/External/MirroredPackageSources/com.unity.ui/Editor/EditorMenuExtensions.cs:11 

(Filename: /Users/bokken/buildslave/unity/build/External/MirroredPackageSources/com.unity.ui/Core/DropdownUtility.cs Line: 17)

ASSEMBLY OVERRIDES: * override found for Unity assembly UnityEngine.UIElementsModule.dll (override path Library/ScriptAssemblies/UnityEngine.UIElementsModule.dll)
ASSEMBLY OVERRIDES: * override found for Unity assembly UnityEditor.UIBuilderModule.dll (override path Library/ScriptAssemblies/UnityEditor.UIBuilderModule.dll)
ASSEMBLY OVERRIDES: * override found for Unity assembly UnityEditor.UIElementsModule.dll (override path Library/ScriptAssemblies/UnityEditor.UIElementsModule.dll)
Mono: successfully reloaded assembly
- Completed reload, in  1.263 seconds
Platform modules already initialized, skipping
========================================================================
Worker process is ready to serve import requests
Launching external process: /Applications/Unity/Hub/Editor/2021.1.5f1/Unity.app/Contents/Tools/UnityShaderCompiler
Launched and connected shader compiler UnityShaderCompiler after 0.02 seconds
Refreshing native plugins compatible for Editor in 0.63 ms, found 1 plugins.
Preloading 0 native plugins for Editor in 0.00 ms.
Unloading 3345 Unused Serialized files (Serialized files now loaded: 0)
System memory in use before: 196.2 MB.
System memory in use after: 196.4 MB.

Unloading 16 unused Assets to reduce memory usage. Loaded Objects now: 3796.
Total: 2.194923 ms (FindLiveObjects: 0.243473 ms CreateObjectMapping: 0.160665 ms MarkObjects: 1.716811 ms  DeleteObjects: 0.073097 ms)

========================================================================
Received Import Request.
  path: Assets/ui-1.uxml
  artifactKey: Guid(d9bf82c8f25414a719941f80a1837b3a) Importer(815301076,1909f56bfc062723c751e8b465ee728b)
Start importing Assets/ui-1.uxml using Guid(d9bf82c8f25414a719941f80a1837b3a) Importer(815301076,1909f56bfc062723c751e8b465ee728b) Diagnostics callstack to track who triggered the sub-import:
 #5 ImportAsset(core::hash_map<AssetDatabase::ImporterID, ImporterInfo, core::hash<AssetDatabase::ImporterID>, std::__1::equal_to<AssetDatabase::ImporterID> > const&, dynamic_array<PostprocessorInfo, 0ul> const&, AssetResolveTracker const&, ImportAssetInputs const&, ImportAssetOutputs&, IImportProgress*)
 #6 AssetImportWorker::Import(AssetResolver&, WorkerImportPayload const&, WorkerImportResponse&, IImportProgress*, bool*)
 #7 core::mutable_function<void ()>::DispatchT<void IOService::PostHelper<AssetImportWorkerClient::HandleMessage(ImportRequestMessage const&)::$_9>(AssetImportWorkerClient::HandleMessage(ImportRequestMessage const&)::$_9&&, IOService::WrapCallableInFunctionTag)::'lambda'()>::Dispatch()
 #8 asio::detail::completion_handler<core::mutable_function<void ()> >::do_complete(asio::detail::task_io_service*, asio::detail::task_io_service_operation*, std::__1::error_code const&, unsigned long)
 #9 asio::detail::task_io_service::do_run_one(asio::detail::scoped_lock<asio::detail::posix_mutex>&, asio::detail::task_io_service_thread_info&, std::__1::error_code const&)
 #10 asio::detail::task_io_service::run(std::__1::error_code&)
 #11 IOService::Run(bool)
 #12 RunAssetImporterV2()
 #13 Application::InitializeProject()
 #14 -[EditorApplication applicationDidFinishLaunching:]
 #15 __CFNOTIFICATIONCENTER_IS_CALLING_OUT_TO_AN_OBSERVER__
 #16 ___CFXRegistrationPost_block_invoke
 #17 _CFXRegistrationPost
 #18 ___CFXNotificationPost_block_invoke
 #19 -[_CFXNotificationRegistrar find:object:observer:enumerator:]
 #20 _CFXNotificationPost
 #21 -[NSNotificationCenter postNotificationName:object:userInfo:]
 #22 -[NSApplication _postDidFinishNotification]
 #23 -[NSApplication _sendFinishLaunchingNotification]
 #24 -[NSApplication(NSAppleEventHandling) _handleAEOpenEvent:]
 #25 -[NSApplication(NSAppleEventHandling) _handleCoreEvent:withReplyEvent:]
 #26 -[NSAppleEventManager dispatchRawAppleEvent:withRawReply:handlerRefCon:]
 #27 _NSAppleEventManagerGenericHandler
 #28 aeDispatchAppleEvent(AEDesc const*, AEDesc*, unsigned int, unsigned char*)
 #29 dispatchEventAndSendReply(AEDesc const*, AEDesc*)
 #30 aeProcessAppleEvent
 #31 AEProcessAppleEvent
 #32 _DPSNextEvent
 #33 -[NSApplication(NSEvent) _nextEventMatchingEventMask:untilDate:inMode:dequeue:]
 #34 -[NSApplication run]
 #35 NSApplicationMain
 #36 EditorMain(int, char const**)
 #37 main
 #38 start

Requesting import of Guid(d9bf82c8f25414a719941f80a1837b3a) Importer(-1,00000000000000000000000000000000), Assets/ui-1.uxml from editor
Resuming Guid(d9bf82c8f25414a719941f80a1837b3a) Importer(-1,00000000000000000000000000000000) -> 35dcacc70a6deb53f774829ccd996191 
Assertion failed on expression: 'state.state == kUpToDate'

Assertion failed on expression: 'state.artifactID == result'

Diagnostics callstack to track who triggered the sub-import:
 #5 ImportToObjects(core::basic_string<char, core::StringStorageDefault<char> > const&, core::hash_map<AssetDatabase::ImporterID, ImporterInfo, core::hash<AssetDatabase::ImporterID>, std::__1::equal_to<AssetDatabase::ImporterID> > const&, dynamic_array<PostprocessorInfo, 0ul> const&, AssetResolveTracker const&, ImportAssetInputs const&, ImportAssetOutputs&, IImportProgress*)
 #6 ImportAsset(core::hash_map<AssetDatabase::ImporterID, ImporterInfo, core::hash<AssetDatabase::ImporterID>, std::__1::equal_to<AssetDatabase::ImporterID> > const&, dynamic_array<PostprocessorInfo, 0ul> const&, AssetResolveTracker const&, ImportAssetInputs const&, ImportAssetOutputs&, IImportProgress*)
 #7 AssetImportWorker::Import(AssetResolver&, WorkerImportPayload const&, WorkerImportResponse&, IImportProgress*, bool*)
 #8 core::mutable_function<void ()>::DispatchT<void IOService::PostHelper<AssetImportWorkerClient::HandleMessage(ImportRequestMessage const&)::$_9>(AssetImportWorkerClient::HandleMessage(ImportRequestMessage const&)::$_9&&, IOService::WrapCallableInFunctionTag)::'lambda'()>::Dispatch()
 #9 asio::detail::completion_handler<core::mutable_function<void ()> >::do_complete(asio::detail::task_io_service*, asio::detail::task_io_service_operation*, std::__1::error_code const&, unsigned long)
 #10 asio::detail::task_io_service::do_run_one(asio::detail::scoped_lock<asio::detail::posix_mutex>&, asio::detail::task_io_service_thread_info&, std::__1::error_code const&)
 #11 asio::detail::task_io_service::run(std::__1::error_code&)
 #12 IOService::Run(bool)
 #13 RunAssetImporterV2()
 #14 Application::InitializeProject()
 #15 -[EditorApplication applicationDidFinishLaunching:]
 #16 __CFNOTIFICATIONCENTER_IS_CALLING_OUT_TO_AN_OBSERVER__
 #17 ___CFXRegistrationPost_block_invoke
 #18 _CFXRegistrationPost
 #19 ___CFXNotificationPost_block_invoke
 #20 -[_CFXNotificationRegistrar find:object:observer:enumerator:]
 #21 _CFXNotificationPost
 #22 -[NSNotificationCenter postNotificationName:object:userInfo:]
 #23 -[NSApplication _postDidFinishNotification]
 #24 -[NSApplication _sendFinishLaunchingNotification]
 #25 -[NSApplication(NSAppleEventHandling) _handleAEOpenEvent:]
 #26 -[NSApplication(NSAppleEventHandling) _handleCoreEvent:withReplyEvent:]
 #27 -[NSAppleEventManager dispatchRawAppleEvent:withRawReply:handlerRefCon:]
 #28 _NSAppleEventManagerGenericHandler
 #29 aeDispatchAppleEvent(AEDesc const*, AEDesc*, unsigned int, unsigned char*)
 #30 dispatchEventAndSendReply(AEDesc const*, AEDesc*)
 #31 aeProcessAppleEvent
 #32 AEProcessAppleEvent
 #33 _DPSNextEvent
 #34 -[NSApplication(NSEvent) _nextEventMatchingEventMask:untilDate:inMode:dequeue:]
 #35 -[NSApplication run]
 #36 NSApplicationMain
 #37 EditorMain(int, char const**)
 #38 main
 #39 start

Requesting import of Guid(d9bf82c8f25414a719941f80a1837b3a) Importer(-1,00000000000000000000000000000000), Assets/ui-1.uxml from editor
Resuming Guid(d9bf82c8f25414a719941f80a1837b3a) Importer(-1,00000000000000000000000000000000) -> 35dcacc70a6deb53f774829ccd996191 
Assertion failed on expression: 'state.state == kUpToDate'

Assertion failed on expression: 'state.artifactID == result'

 -> (artifact id: 'a4cc91d65dd2c0270a94913a243359ad') in 0.355711 seconds 
========================================================================
Received Prepare
Registering precompiled user dll's ...
Registered in 0.001753 seconds.
ASSEMBLY OVERRIDES: * override found for Unity assembly UnityEngine.UIElementsModule.dll (override path Library/ScriptAssemblies/UnityEngine.UIElementsModule.dll)
ASSEMBLY OVERRIDES: * override found for Unity assembly UnityEditor.UIBuilderModule.dll (override path Library/ScriptAssemblies/UnityEditor.UIBuilderModule.dll)
ASSEMBLY OVERRIDES: * override found for Unity assembly UnityEditor.UIElementsModule.dll (override path Library/ScriptAssemblies/UnityEditor.UIElementsModule.dll)
Begin MonoManager ReloadAssembly
Symbol file LoadedFromMemory is not a mono symbol file
Multiple scripted importers are targeting the extension 'uxml' and have all been rejected: UnityEditor.UIElements.UIElementsViewImporter (assembly: /Applications/Unity/Hub/Editor/2021.1.5f1/Unity.app/Contents/Managed/UnityEngine/UnityEditor.UIElementsModule.dll), UnityEditor.UIElements.UIElementsViewImporter (assembly: /Applications/Unity/Hub/Editor/2021.1.5f1/Unity.app/Contents/Managed/UnityEngine/UnityEditor.UIElementsModule.dll) 
UnityEngine.StackTraceUtility:ExtractStackTrace () (at /Users/bokken/buildslave/unity/build/Runtime/Export/Scripting/StackTrace.cs:37)
UnityEngine.DebugLogHandler:LogFormat (UnityEngine.LogType,UnityEngine.Object,string,object[])
UnityEngine.Logger:Log (UnityEngine.LogType,object)
UnityEngine.Debug:LogError (object)
UnityEditor.AssetImporters.ScriptedImporter:RegisterScriptedImporters () (at /Users/bokken/buildslave/unity/build/Modules/AssetPipelineEditor/Public/ScriptedImporter.cs:89)

(Filename: /Users/bokken/buildslave/unity/build/Runtime/Export/Scripting/StackTrace.cs Line: 37)

Multiple scripted importers are targeting the extension 'uss' and have all been rejected: UnityEditor.UIElements.StyleSheets.StyleSheetImporter (assembly: /Applications/Unity/Hub/Editor/2021.1.5f1/Unity.app/Contents/Managed/UnityEngine/UnityEditor.UIElementsModule.dll), UnityEditor.UIElements.StyleSheets.StyleSheetImporter (assembly: /Applications/Unity/Hub/Editor/2021.1.5f1/Unity.app/Contents/Managed/UnityEngine/UnityEditor.UIElementsModule.dll) 
UnityEngine.StackTraceUtility:ExtractStackTrace () (at /Users/bokken/buildslave/unity/build/Runtime/Export/Scripting/StackTrace.cs:37)
UnityEngine.DebugLogHandler:LogFormat (UnityEngine.LogType,UnityEngine.Object,string,object[])
UnityEngine.Logger:Log (UnityEngine.LogType,object)
UnityEngine.Debug:LogError (object)
UnityEditor.AssetImporters.ScriptedImporter:RegisterScriptedImporters () (at /Users/bokken/buildslave/unity/build/Modules/AssetPipelineEditor/Public/ScriptedImporter.cs:89)

(Filename: /Users/bokken/buildslave/unity/build/Runtime/Export/Scripting/StackTrace.cs Line: 37)

Multiple scripted importers are targeting the extension 'tss' and have all been rejected: UnityEditor.UIElements.StyleSheets.ThemeStyleSheetImporter (assembly: /Applications/Unity/Hub/Editor/2021.1.5f1/Unity.app/Contents/Managed/UnityEngine/UnityEditor.UIElementsModule.dll), UnityEditor.UIElements.StyleSheets.ThemeStyleSheetImporter (assembly: /Applications/Unity/Hub/Editor/2021.1.5f1/Unity.app/Contents/Managed/UnityEngine/UnityEditor.UIElementsModule.dll) 
UnityEngine.StackTraceUtility:ExtractStackTrace () (at /Users/bokken/buildslave/unity/build/Runtime/Export/Scripting/StackTrace.cs:37)
UnityEngine.DebugLogHandler:LogFormat (UnityEngine.LogType,UnityEngine.Object,string,object[])
UnityEngine.Logger:Log (UnityEngine.LogType,object)
UnityEngine.Debug:LogError (object)
UnityEditor.AssetImporters.ScriptedImporter:RegisterScriptedImporters () (at /Users/bokken/buildslave/unity/build/Modules/AssetPipelineEditor/Public/ScriptedImporter.cs:89)

(Filename: /Users/bokken/buildslave/unity/build/Runtime/Export/Scripting/StackTrace.cs Line: 37)

Native extension for OSXStandalone target not found
Refreshing native plugins compatible for Editor in 0.61 ms, found 1 plugins.
Preloading 0 native plugins for Editor in 0.00 ms.
ASSEMBLY OVERRIDES: * override found for Unity assembly UnityEngine.UIElementsModule.dll (override path Library/ScriptAssemblies/UnityEngine.UIElementsModule.dll)
ASSEMBLY OVERRIDES: * override found for Unity assembly UnityEditor.UIBuilderModule.dll (override path Library/ScriptAssemblies/UnityEditor.UIBuilderModule.dll)
ASSEMBLY OVERRIDES: * override found for Unity assembly UnityEditor.UIElementsModule.dll (override path Library/ScriptAssemblies/UnityEditor.UIElementsModule.dll)
System.ArgumentException: A factory for the type Unity.UI.Builder.BuilderPane+UxmlFactory was already registered
  at UnityEngine.UIElements.VisualElementFactoryRegistry.RegisterFactory (UnityEngine.UIElements.IUxmlFactory factory) [0x00040] in /Users/bokken/buildslave/unity/build/External/MirroredPackageSources/com.unity.ui/Core/UXML/VisualElementFactoryRegistry.cs:36 
  at UnityEditor.UIElements.UXMLEditorFactories..cctor () [0x0028e] in /Users/bokken/buildslave/unity/build/External/MirroredPackageSources/com.unity.ui/Editor/UXMLEditorFactories.cs:104 
UnityEngine.StackTraceUtility:ExtractStackTrace () (at /Users/bokken/buildslave/unity/build/Runtime/Export/Scripting/StackTrace.cs:37)
UnityEngine.DebugLogHandler:LogFormat (UnityEngine.LogType,UnityEngine.Object,string,object[])
UnityEngine.Logger:Log (UnityEngine.LogType,object)
UnityEngine.Debug:LogError (object)
UnityEditor.EditorAssemblies:ProcessInitializeOnLoadAttributes (System.Type[]) (at /Users/bokken/buildslave/unity/build/Editor/Mono/EditorAssemblies.cs:118)

(Filename: /Users/bokken/buildslave/unity/build/Runtime/Export/Scripting/StackTrace.cs Line: 37)

System.ArgumentException: A factory for the type Unity.UI.Builder.BuilderPane+UxmlFactory was already registered
  at UnityEngine.UIElements.VisualElementFactoryRegistry.RegisterFactory (UnityEngine.UIElements.IUxmlFactory factory) [0x00040] in /Users/bokken/buildslave/unity/build/External/MirroredPackageSources/com.unity.ui/Core/UXML/VisualElementFactoryRegistry.cs:36 
  at UnityEditor.UIElements.UXMLEditorFactories..cctor () [0x0028e] in /Users/bokken/buildslave/unity/build/External/MirroredPackageSources/com.unity.ui/Editor/UXMLEditorFactories.cs:104 
UnityEngine.StackTraceUtility:ExtractStackTrace () (at /Users/bokken/buildslave/unity/build/Runtime/Export/Scripting/StackTrace.cs:37)
UnityEngine.DebugLogHandler:LogFormat (UnityEngine.LogType,UnityEngine.Object,string,object[])
UnityEngine.Logger:Log (UnityEngine.LogType,object)
UnityEngine.Debug:LogError (object)
UnityEditor.EditorAssemblies:ProcessInitializeOnLoadAttributes (System.Type[]) (at /Users/bokken/buildslave/unity/build/Editor/Mono/EditorAssemblies.cs:118)

(Filename: /Users/bokken/buildslave/unity/build/Runtime/Export/Scripting/StackTrace.cs Line: 37)

FieldAccessException: Field `UnityEngine.UIElements.TextDelegates:ImportDefaultTextSettings' is inaccessible from method `UnityEditor.UIElements.Text.TextDelegates:InitializeDelegates ()'


FieldAccessException: Field `UnityEngine.UIElements.TextHandleFactory:CreateEditorHandle' is inaccessible from method `UnityEngine.UIElements.Text.TextCoreHandle:InjectTextCoreHandle ()'


FieldAccessException: Field `UnityEngine.UIElements.TextDelegates:GetFont' is inaccessible from method `UnityEngine.UIElements.Text.TextDelegates:InitializeDelegates ()'
  at UnityEngine.UIElements.Text.TextDelegates.EditorInitialization () [0x00001] in /Users/matt/Downloads/UI builder test 2/Library/PackageCache/com.unity.ui@1.0.0-preview.14/Text/Delegates/TextDelegates.cs:38 

(Filename: Library/PackageCache/com.unity.ui@1.0.0-preview.14/Text/Delegates/TextDelegates.cs Line: 38)

UnityException: The MakeClientFunc has already been registered. Registration denied.
  at UnityEngine.UIElements.DragAndDropUtility.RegisterMakeClientFunc (System.Func`1[TResult] makeClient) [0x0000d] in /Users/bokken/buildslave/unity/build/External/MirroredPackageSources/com.unity.ui/Core/DragAndDrop/DragAndDropUtility.cs:30 
  at UnityEditor.UIElements.EditorDragAndDrop.RegisterEditorClient () [0x00001] in /Users/bokken/buildslave/unity/build/External/MirroredPackageSources/com.unity.ui/Editor/EditorDragAndDrop.cs:15 

(Filename: /Users/bokken/buildslave/unity/build/External/MirroredPackageSources/com.unity.ui/Core/DragAndDrop/DragAndDropUtility.cs Line: 30)

UnityException: The MakeDropdownFunc has already been registered. Registration denied.
  at UnityEngine.UIElements.DropdownUtility.RegisterMakeDropdownFunc (System.Func`1[TResult] makeClient) [0x0000d] in /Users/bokken/buildslave/unity/build/External/MirroredPackageSources/com.unity.ui/Core/DropdownUtility.cs:17 
  at UnityEditor.UIElements.EditorMenuExtensions.RegisterEditorDropdown () [0x00001] in /Users/bokken/buildslave/unity/build/External/MirroredPackageSources/com.unity.ui/Editor/EditorMenuExtensions.cs:11 

(Filename: /Users/bokken/buildslave/unity/build/External/MirroredPackageSources/com.unity.ui/Core/DropdownUtility.cs Line: 17)

ASSEMBLY OVERRIDES: * override found for Unity assembly UnityEngine.UIElementsModule.dll (override path Library/ScriptAssemblies/UnityEngine.UIElementsModule.dll)
ASSEMBLY OVERRIDES: * override found for Unity assembly UnityEditor.UIBuilderModule.dll (override path Library/ScriptAssemblies/UnityEditor.UIBuilderModule.dll)
ASSEMBLY OVERRIDES: * override found for Unity assembly UnityEditor.UIElementsModule.dll (override path Library/ScriptAssemblies/UnityEditor.UIElementsModule.dll)
Mono: successfully reloaded assembly
ArgumentException: An item with the same key has already been added. Key: UnityEditor.UIElements.EditorAtlasMonitorInjector
Parameter name: key
  at System.Collections.Generic.SortedList`2[TKey,TValue].Add (TKey key, TValue value) [0x00041] in <480201908ed94ddaa0561e2e6e0ddd4e>:0 
  at UnityEditor.AssetPostprocessingInternal.GetTextureProcessorsHashString () [0x000a6] in /Users/bokken/buildslave/unity/build/Editor/Mono/AssetPostprocessor.cs:468 
UnityEngine.DebugLogHandler:Internal_LogException(Exception, Object)
UnityEngine.DebugLogHandler:LogException(Exception, Object)
UnityEngine.Logger:LogException(Exception, Object)
UnityEngine.Debug:LogException(Exception)
UnityEditor.AssetPostprocessingInternal:GetTextureProcessorsHashString() (at /Users/bokken/buildslave/unity/build/Editor/Mono/AssetPostprocessor.cs:477)

(Filename: /Users/bokken/buildslave/unity/build/Editor/Mono/AssetPostprocessor.cs Line: 468)

- Completed reload, in  1.034 seconds
Platform modules already initialized, skipping
Refreshing native plugins compatible for Editor in 0.69 ms, found 1 plugins.
Preloading 0 native plugins for Editor in 0.00 ms.
Unloading 3329 Unused Serialized files (Serialized files now loaded: 0)
System memory in use before: 201.0 MB.
System memory in use after: 201.2 MB.

Unloading 11 unused Assets to reduce memory usage. Loaded Objects now: 3799.
Total: 2.283176 ms (FindLiveObjects: 0.274360 ms CreateObjectMapping: 0.154441 ms MarkObjects: 1.807787 ms  DeleteObjects: 0.045774 ms)

========================================================================
Received Prepare
Registering precompiled user dll's ...
Registered in 0.008774 seconds.
ASSEMBLY OVERRIDES: * override found for Unity assembly UnityEngine.UIElementsModule.dll (override path Library/ScriptAssemblies/UnityEngine.UIElementsModule.dll)
ASSEMBLY OVERRIDES: * override found for Unity assembly UnityEditor.UIBuilderModule.dll (override path Library/ScriptAssemblies/UnityEditor.UIBuilderModule.dll)
ASSEMBLY OVERRIDES: * override found for Unity assembly UnityEditor.UIElementsModule.dll (override path Library/ScriptAssemblies/UnityEditor.UIElementsModule.dll)
Begin MonoManager ReloadAssembly
Symbol file LoadedFromMemory is not a mono symbol file
Multiple scripted importers are targeting the extension 'uxml' and have all been rejected: UnityEditor.UIElements.UIElementsViewImporter (assembly: /Applications/Unity/Hub/Editor/2021.1.5f1/Unity.app/Contents/Managed/UnityEngine/UnityEditor.UIElementsModule.dll), UnityEditor.UIElements.UIElementsViewImporter (assembly: /Applications/Unity/Hub/Editor/2021.1.5f1/Unity.app/Contents/Managed/UnityEngine/UnityEditor.UIElementsModule.dll) 
UnityEngine.StackTraceUtility:ExtractStackTrace () (at /Users/bokken/buildslave/unity/build/Runtime/Export/Scripting/StackTrace.cs:37)
UnityEngine.DebugLogHandler:LogFormat (UnityEngine.LogType,UnityEngine.Object,string,object[])
UnityEngine.Logger:Log (UnityEngine.LogType,object)
UnityEngine.Debug:LogError (object)
UnityEditor.AssetImporters.ScriptedImporter:RegisterScriptedImporters () (at /Users/bokken/buildslave/unity/build/Modules/AssetPipelineEditor/Public/ScriptedImporter.cs:89)

(Filename: /Users/bokken/buildslave/unity/build/Runtime/Export/Scripting/StackTrace.cs Line: 37)

Multiple scripted importers are targeting the extension 'uss' and have all been rejected: UnityEditor.UIElements.StyleSheets.StyleSheetImporter (assembly: /Applications/Unity/Hub/Editor/2021.1.5f1/Unity.app/Contents/Managed/UnityEngine/UnityEditor.UIElementsModule.dll), UnityEditor.UIElements.StyleSheets.StyleSheetImporter (assembly: /Applications/Unity/Hub/Editor/2021.1.5f1/Unity.app/Contents/Managed/UnityEngine/UnityEditor.UIElementsModule.dll) 
UnityEngine.StackTraceUtility:ExtractStackTrace () (at /Users/bokken/buildslave/unity/build/Runtime/Export/Scripting/StackTrace.cs:37)
UnityEngine.DebugLogHandler:LogFormat (UnityEngine.LogType,UnityEngine.Object,string,object[])
UnityEngine.Logger:Log (UnityEngine.LogType,object)
UnityEngine.Debug:LogError (object)
UnityEditor.AssetImporters.ScriptedImporter:RegisterScriptedImporters () (at /Users/bokken/buildslave/unity/build/Modules/AssetPipelineEditor/Public/ScriptedImporter.cs:89)

(Filename: /Users/bokken/buildslave/unity/build/Runtime/Export/Scripting/StackTrace.cs Line: 37)

Multiple scripted importers are targeting the extension 'tss' and have all been rejected: UnityEditor.UIElements.StyleSheets.ThemeStyleSheetImporter (assembly: /Applications/Unity/Hub/Editor/2021.1.5f1/Unity.app/Contents/Managed/UnityEngine/UnityEditor.UIElementsModule.dll), UnityEditor.UIElements.StyleSheets.ThemeStyleSheetImporter (assembly: /Applications/Unity/Hub/Editor/2021.1.5f1/Unity.app/Contents/Managed/UnityEngine/UnityEditor.UIElementsModule.dll) 
UnityEngine.StackTraceUtility:ExtractStackTrace () (at /Users/bokken/buildslave/unity/build/Runtime/Export/Scripting/StackTrace.cs:37)
UnityEngine.DebugLogHandler:LogFormat (UnityEngine.LogType,UnityEngine.Object,string,object[])
UnityEngine.Logger:Log (UnityEngine.LogType,object)
UnityEngine.Debug:LogError (object)
UnityEditor.AssetImporters.ScriptedImporter:RegisterScriptedImporters () (at /Users/bokken/buildslave/unity/build/Modules/AssetPipelineEditor/Public/ScriptedImporter.cs:89)

(Filename: /Users/bokken/buildslave/unity/build/Runtime/Export/Scripting/StackTrace.cs Line: 37)

Native extension for OSXStandalone target not found
Refreshing native plugins compatible for Editor in 0.60 ms, found 1 plugins.
Preloading 0 native plugins for Editor in 0.00 ms.
ASSEMBLY OVERRIDES: * override found for Unity assembly UnityEngine.UIElementsModule.dll (override path Library/ScriptAssemblies/UnityEngine.UIElementsModule.dll)
ASSEMBLY OVERRIDES: * override found for Unity assembly UnityEditor.UIBuilderModule.dll (override path Library/ScriptAssemblies/UnityEditor.UIBuilderModule.dll)
ASSEMBLY OVERRIDES: * override found for Unity assembly UnityEditor.UIElementsModule.dll (override path Library/ScriptAssemblies/UnityEditor.UIElementsModule.dll)
System.ArgumentException: A factory for the type Unity.UI.Builder.BuilderPane+UxmlFactory was already registered
  at UnityEngine.UIElements.VisualElementFactoryRegistry.RegisterFactory (UnityEngine.UIElements.IUxmlFactory factory) [0x00040] in /Users/bokken/buildslave/unity/build/External/MirroredPackageSources/com.unity.ui/Core/UXML/VisualElementFactoryRegistry.cs:36 
  at UnityEditor.UIElements.UXMLEditorFactories..cctor () [0x0028e] in /Users/bokken/buildslave/unity/build/External/MirroredPackageSources/com.unity.ui/Editor/UXMLEditorFactories.cs:104 
UnityEngine.StackTraceUtility:ExtractStackTrace () (at /Users/bokken/buildslave/unity/build/Runtime/Export/Scripting/StackTrace.cs:37)
UnityEngine.DebugLogHandler:LogFormat (UnityEngine.LogType,UnityEngine.Object,string,object[])
UnityEngine.Logger:Log (UnityEngine.LogType,object)
UnityEngine.Debug:LogError (object)
UnityEditor.EditorAssemblies:ProcessInitializeOnLoadAttributes (System.Type[]) (at /Users/bokken/buildslave/unity/build/Editor/Mono/EditorAssemblies.cs:118)

(Filename: /Users/bokken/buildslave/unity/build/Runtime/Export/Scripting/StackTrace.cs Line: 37)

System.ArgumentException: A factory for the type Unity.UI.Builder.BuilderPane+UxmlFactory was already registered
  at UnityEngine.UIElements.VisualElementFactoryRegistry.RegisterFactory (UnityEngine.UIElements.IUxmlFactory factory) [0x00040] in /Users/bokken/buildslave/unity/build/External/MirroredPackageSources/com.unity.ui/Core/UXML/VisualElementFactoryRegistry.cs:36 
  at UnityEditor.UIElements.UXMLEditorFactories..cctor () [0x0028e] in /Users/bokken/buildslave/unity/build/External/MirroredPackageSources/com.unity.ui/Editor/UXMLEditorFactories.cs:104 
UnityEngine.StackTraceUtility:ExtractStackTrace () (at /Users/bokken/buildslave/unity/build/Runtime/Export/Scripting/StackTrace.cs:37)
UnityEngine.DebugLogHandler:LogFormat (UnityEngine.LogType,UnityEngine.Object,string,object[])
UnityEngine.Logger:Log (UnityEngine.LogType,object)
UnityEngine.Debug:LogError (object)
UnityEditor.EditorAssemblies:ProcessInitializeOnLoadAttributes (System.Type[]) (at /Users/bokken/buildslave/unity/build/Editor/Mono/EditorAssemblies.cs:118)

(Filename: /Users/bokken/buildslave/unity/build/Runtime/Export/Scripting/StackTrace.cs Line: 37)

FieldAccessException: Field `UnityEngine.UIElements.TextDelegates:ImportDefaultTextSettings' is inaccessible from method `UnityEditor.UIElements.Text.TextDelegates:InitializeDelegates ()'


FieldAccessException: Field `UnityEngine.UIElements.TextHandleFactory:CreateEditorHandle' is inaccessible from method `UnityEngine.UIElements.Text.TextCoreHandle:InjectTextCoreHandle ()'


FieldAccessException: Field `UnityEngine.UIElements.TextDelegates:GetFont' is inaccessible from method `UnityEngine.UIElements.Text.TextDelegates:InitializeDelegates ()'
  at UnityEngine.UIElements.Text.TextDelegates.EditorInitialization () [0x00001] in /Users/matt/Downloads/UI builder test 2/Library/PackageCache/com.unity.ui@1.0.0-preview.14/Text/Delegates/TextDelegates.cs:38 

(Filename: Library/PackageCache/com.unity.ui@1.0.0-preview.14/Text/Delegates/TextDelegates.cs Line: 38)

UnityException: The MakeClientFunc has already been registered. Registration denied.
  at UnityEngine.UIElements.DragAndDropUtility.RegisterMakeClientFunc (System.Func`1[TResult] makeClient) [0x0000d] in /Users/bokken/buildslave/unity/build/External/MirroredPackageSources/com.unity.ui/Core/DragAndDrop/DragAndDropUtility.cs:30 
  at UnityEditor.UIElements.EditorDragAndDrop.RegisterEditorClient () [0x00001] in /Users/bokken/buildslave/unity/build/External/MirroredPackageSources/com.unity.ui/Editor/EditorDragAndDrop.cs:15 

(Filename: /Users/bokken/buildslave/unity/build/External/MirroredPackageSources/com.unity.ui/Core/DragAndDrop/DragAndDropUtility.cs Line: 30)

UnityException: The MakeDropdownFunc has already been registered. Registration denied.
  at UnityEngine.UIElements.DropdownUtility.RegisterMakeDropdownFunc (System.Func`1[TResult] makeClient) [0x0000d] in /Users/bokken/buildslave/unity/build/External/MirroredPackageSources/com.unity.ui/Core/DropdownUtility.cs:17 
  at UnityEditor.UIElements.EditorMenuExtensions.RegisterEditorDropdown () [0x00001] in /Users/bokken/buildslave/unity/build/External/MirroredPackageSources/com.unity.ui/Editor/EditorMenuExtensions.cs:11 

(Filename: /Users/bokken/buildslave/unity/build/External/MirroredPackageSources/com.unity.ui/Core/DropdownUtility.cs Line: 17)

ASSEMBLY OVERRIDES: * override found for Unity assembly UnityEngine.UIElementsModule.dll (override path Library/ScriptAssemblies/UnityEngine.UIElementsModule.dll)
ASSEMBLY OVERRIDES: * override found for Unity assembly UnityEditor.UIBuilderModule.dll (override path Library/ScriptAssemblies/UnityEditor.UIBuilderModule.dll)
ASSEMBLY OVERRIDES: * override found for Unity assembly UnityEditor.UIElementsModule.dll (override path Library/ScriptAssemblies/UnityEditor.UIElementsModule.dll)
Mono: successfully reloaded assembly
ArgumentException: An item with the same key has already been added. Key: UnityEditor.UIElements.EditorAtlasMonitorInjector
Parameter name: key
  at System.Collections.Generic.SortedList`2[TKey,TValue].Add (TKey key, TValue value) [0x00041] in <480201908ed94ddaa0561e2e6e0ddd4e>:0 
  at UnityEditor.AssetPostprocessingInternal.GetTextureProcessorsHashString () [0x000a6] in /Users/bokken/buildslave/unity/build/Editor/Mono/AssetPostprocessor.cs:468 
UnityEngine.DebugLogHandler:Internal_LogException(Exception, Object)
UnityEngine.DebugLogHandler:LogException(Exception, Object)
UnityEngine.Logger:LogException(Exception, Object)
UnityEngine.Debug:LogException(Exception)
UnityEditor.AssetPostprocessingInternal:GetTextureProcessorsHashString() (at /Users/bokken/buildslave/unity/build/Editor/Mono/AssetPostprocessor.cs:477)

(Filename: /Users/bokken/buildslave/unity/build/Editor/Mono/AssetPostprocessor.cs Line: 468)

- Completed reload, in  1.177 seconds
Platform modules already initialized, skipping
Refreshing native plugins compatible for Editor in 0.61 ms, found 1 plugins.
Preloading 0 native plugins for Editor in 0.00 ms.
Unloading 3329 Unused Serialized files (Serialized files now loaded: 0)
System memory in use before: 201.2 MB.
System memory in use after: 201.5 MB.

Unloading 11 unused Assets to reduce memory usage. Loaded Objects now: 3802.
Total: 1.898162 ms (FindLiveObjects: 0.249936 ms CreateObjectMapping: 0.151684 ms MarkObjects: 1.453586 ms  DeleteObjects: 0.042177 ms)

========================================================================
Received Import Request.
  Time since last request: 1306.957291 seconds.
  path: Assets/PanelSettings-panel1.asset
  artifactKey: Guid(e04c0a4615b1b4f3b95796f62474f81d) Importer(815301076,1909f56bfc062723c751e8b465ee728b)
Start importing Assets/PanelSettings-panel1.asset using Guid(e04c0a4615b1b4f3b95796f62474f81d) Importer(815301076,1909f56bfc062723c751e8b465ee728b)  -> (artifact id: 'a0871f9ef79a18b0ac549f24131f0a20') in 0.373396 seconds 
========================================================================
Received Import Request.
  Time since last request: 7609.376795 seconds.
  path: Assets/PanelSettings1.asset
  artifactKey: Guid(f1d095589ea42418aa6cce5d9fa59b5d) Importer(815301076,1909f56bfc062723c751e8b465ee728b)
Start importing Assets/PanelSettings1.asset using Guid(f1d095589ea42418aa6cce5d9fa59b5d) Importer(815301076,1909f56bfc062723c751e8b465ee728b)  -> (artifact id: '3202f2de04e0d2bad4c5e044d5793915') in 0.049801 seconds 
========================================================================
Received Import Request.
  Time since last request: 80.519772 seconds.
  path: Assets
  artifactKey: Guid(00000000000000001000000000000000) Importer(815301076,1909f56bfc062723c751e8b465ee728b)
Start importing Assets using Guid(00000000000000001000000000000000) Importer(815301076,1909f56bfc062723c751e8b465ee728b)  -> (artifact id: '42d402b061de3733987d63b9cc3b64de') in 0.001848 seconds 
========================================================================
Received Prepare
Registering precompiled user dll's ...
Registered in 0.001871 seconds.
ASSEMBLY OVERRIDES: * override found for Unity assembly UnityEngine.UIElementsModule.dll (override path Library/ScriptAssemblies/UnityEngine.UIElementsModule.dll)
ASSEMBLY OVERRIDES: * override found for Unity assembly UnityEditor.UIBuilderModule.dll (override path Library/ScriptAssemblies/UnityEditor.UIBuilderModule.dll)
ASSEMBLY OVERRIDES: * override found for Unity assembly UnityEditor.UIElementsModule.dll (override path Library/ScriptAssemblies/UnityEditor.UIElementsModule.dll)
Begin MonoManager ReloadAssembly
Symbol file LoadedFromMemory is not a mono symbol file
Multiple scripted importers are targeting the extension 'uxml' and have all been rejected: UnityEditor.UIElements.UIElementsViewImporter (assembly: /Applications/Unity/Hub/Editor/2021.1.5f1/Unity.app/Contents/Managed/UnityEngine/UnityEditor.UIElementsModule.dll), UnityEditor.UIElements.UIElementsViewImporter (assembly: /Applications/Unity/Hub/Editor/2021.1.5f1/Unity.app/Contents/Managed/UnityEngine/UnityEditor.UIElementsModule.dll) 
UnityEngine.StackTraceUtility:ExtractStackTrace () (at /Users/bokken/buildslave/unity/build/Runtime/Export/Scripting/StackTrace.cs:37)
UnityEngine.DebugLogHandler:LogFormat (UnityEngine.LogType,UnityEngine.Object,string,object[])
UnityEngine.Logger:Log (UnityEngine.LogType,object)
UnityEngine.Debug:LogError (object)
UnityEditor.AssetImporters.ScriptedImporter:RegisterScriptedImporters () (at /Users/bokken/buildslave/unity/build/Modules/AssetPipelineEditor/Public/ScriptedImporter.cs:89)

(Filename: /Users/bokken/buildslave/unity/build/Runtime/Export/Scripting/StackTrace.cs Line: 37)

Multiple scripted importers are targeting the extension 'uss' and have all been rejected: UnityEditor.UIElements.StyleSheets.StyleSheetImporter (assembly: /Applications/Unity/Hub/Editor/2021.1.5f1/Unity.app/Contents/Managed/UnityEngine/UnityEditor.UIElementsModule.dll), UnityEditor.UIElements.StyleSheets.StyleSheetImporter (assembly: /Applications/Unity/Hub/Editor/2021.1.5f1/Unity.app/Contents/Managed/UnityEngine/UnityEditor.UIElementsModule.dll) 
UnityEngine.StackTraceUtility:ExtractStackTrace () (at /Users/bokken/buildslave/unity/build/Runtime/Export/Scripting/StackTrace.cs:37)
UnityEngine.DebugLogHandler:LogFormat (UnityEngine.LogType,UnityEngine.Object,string,object[])
UnityEngine.Logger:Log (UnityEngine.LogType,object)
UnityEngine.Debug:LogError (object)
UnityEditor.AssetImporters.ScriptedImporter:RegisterScriptedImporters () (at /Users/bokken/buildslave/unity/build/Modules/AssetPipelineEditor/Public/ScriptedImporter.cs:89)

(Filename: /Users/bokken/buildslave/unity/build/Runtime/Export/Scripting/StackTrace.cs Line: 37)

Multiple scripted importers are targeting the extension 'tss' and have all been rejected: UnityEditor.UIElements.StyleSheets.ThemeStyleSheetImporter (assembly: /Applications/Unity/Hub/Editor/2021.1.5f1/Unity.app/Contents/Managed/UnityEngine/UnityEditor.UIElementsModule.dll), UnityEditor.UIElements.StyleSheets.ThemeStyleSheetImporter (assembly: /Applications/Unity/Hub/Editor/2021.1.5f1/Unity.app/Contents/Managed/UnityEngine/UnityEditor.UIElementsModule.dll) 
UnityEngine.StackTraceUtility:ExtractStackTrace () (at /Users/bokken/buildslave/unity/build/Runtime/Export/Scripting/StackTrace.cs:37)
UnityEngine.DebugLogHandler:LogFormat (UnityEngine.LogType,UnityEngine.Object,string,object[])
UnityEngine.Logger:Log (UnityEngine.LogType,object)
UnityEngine.Debug:LogError (object)
UnityEditor.AssetImporters.ScriptedImporter:RegisterScriptedImporters () (at /Users/bokken/buildslave/unity/build/Modules/AssetPipelineEditor/Public/ScriptedImporter.cs:89)

(Filename: /Users/bokken/buildslave/unity/build/Runtime/Export/Scripting/StackTrace.cs Line: 37)

Native extension for OSXStandalone target not found
Refreshing native plugins compatible for Editor in 0.60 ms, found 1 plugins.
Preloading 0 native plugins for Editor in 0.00 ms.
ASSEMBLY OVERRIDES: * override found for Unity assembly UnityEngine.UIElementsModule.dll (override path Library/ScriptAssemblies/UnityEngine.UIElementsModule.dll)
ASSEMBLY OVERRIDES: * override found for Unity assembly UnityEditor.UIBuilderModule.dll (override path Library/ScriptAssemblies/UnityEditor.UIBuilderModule.dll)
ASSEMBLY OVERRIDES: * override found for Unity assembly UnityEditor.UIElementsModule.dll (override path Library/ScriptAssemblies/UnityEditor.UIElementsModule.dll)
System.ArgumentException: A factory for the type Unity.UI.Builder.BuilderPane+UxmlFactory was already registered
  at UnityEngine.UIElements.VisualElementFactoryRegistry.RegisterFactory (UnityEngine.UIElements.IUxmlFactory factory) [0x00040] in /Users/bokken/buildslave/unity/build/External/MirroredPackageSources/com.unity.ui/Core/UXML/VisualElementFactoryRegistry.cs:36 
  at UnityEditor.UIElements.UXMLEditorFactories..cctor () [0x0028e] in /Users/bokken/buildslave/unity/build/External/MirroredPackageSources/com.unity.ui/Editor/UXMLEditorFactories.cs:104 
UnityEngine.StackTraceUtility:ExtractStackTrace () (at /Users/bokken/buildslave/unity/build/Runtime/Export/Scripting/StackTrace.cs:37)
UnityEngine.DebugLogHandler:LogFormat (UnityEngine.LogType,UnityEngine.Object,string,object[])
UnityEngine.Logger:Log (UnityEngine.LogType,object)
UnityEngine.Debug:LogError (object)
UnityEditor.EditorAssemblies:ProcessInitializeOnLoadAttributes (System.Type[]) (at /Users/bokken/buildslave/unity/build/Editor/Mono/EditorAssemblies.cs:118)

(Filename: /Users/bokken/buildslave/unity/build/Runtime/Export/Scripting/StackTrace.cs Line: 37)

System.ArgumentException: A factory for the type Unity.UI.Builder.BuilderPane+UxmlFactory was already registered
  at UnityEngine.UIElements.VisualElementFactoryRegistry.RegisterFactory (UnityEngine.UIElements.IUxmlFactory factory) [0x00040] in /Users/bokken/buildslave/unity/build/External/MirroredPackageSources/com.unity.ui/Core/UXML/VisualElementFactoryRegistry.cs:36 
  at UnityEditor.UIElements.UXMLEditorFactories..cctor () [0x0028e] in /Users/bokken/buildslave/unity/build/External/MirroredPackageSources/com.unity.ui/Editor/UXMLEditorFactories.cs:104 
UnityEngine.StackTraceUtility:ExtractStackTrace () (at /Users/bokken/buildslave/unity/build/Runtime/Export/Scripting/StackTrace.cs:37)
UnityEngine.DebugLogHandler:LogFormat (UnityEngine.LogType,UnityEngine.Object,string,object[])
UnityEngine.Logger:Log (UnityEngine.LogType,object)
UnityEngine.Debug:LogError (object)
UnityEditor.EditorAssemblies:ProcessInitializeOnLoadAttributes (System.Type[]) (at /Users/bokken/buildslave/unity/build/Editor/Mono/EditorAssemblies.cs:118)

(Filename: /Users/bokken/buildslave/unity/build/Runtime/Export/Scripting/StackTrace.cs Line: 37)

FieldAccessException: Field `UnityEngine.UIElements.TextDelegates:ImportDefaultTextSettings' is inaccessible from method `UnityEditor.UIElements.Text.TextDelegates:InitializeDelegates ()'


FieldAccessException: Field `UnityEngine.UIElements.TextHandleFactory:CreateEditorHandle' is inaccessible from method `UnityEngine.UIElements.Text.TextCoreHandle:InjectTextCoreHandle ()'


FieldAccessException: Field `UnityEngine.UIElements.TextDelegates:GetFont' is inaccessible from method `UnityEngine.UIElements.Text.TextDelegates:InitializeDelegates ()'
  at UnityEngine.UIElements.Text.TextDelegates.EditorInitialization () [0x00001] in /Users/matt/Downloads/UI builder test 2/Library/PackageCache/com.unity.ui@1.0.0-preview.14/Text/Delegates/TextDelegates.cs:38 

(Filename: Library/PackageCache/com.unity.ui@1.0.0-preview.14/Text/Delegates/TextDelegates.cs Line: 38)

UnityException: The MakeClientFunc has already been registered. Registration denied.
  at UnityEngine.UIElements.DragAndDropUtility.RegisterMakeClientFunc (System.Func`1[TResult] makeClient) [0x0000d] in /Users/bokken/buildslave/unity/build/External/MirroredPackageSources/com.unity.ui/Core/DragAndDrop/DragAndDropUtility.cs:30 
  at UnityEditor.UIElements.EditorDragAndDrop.RegisterEditorClient () [0x00001] in /Users/bokken/buildslave/unity/build/External/MirroredPackageSources/com.unity.ui/Editor/EditorDragAndDrop.cs:15 

(Filename: /Users/bokken/buildslave/unity/build/External/MirroredPackageSources/com.unity.ui/Core/DragAndDrop/DragAndDropUtility.cs Line: 30)

UnityException: The MakeDropdownFunc has already been registered. Registration denied.
  at UnityEngine.UIElements.DropdownUtility.RegisterMakeDropdownFunc (System.Func`1[TResult] makeClient) [0x0000d] in /Users/bokken/buildslave/unity/build/External/MirroredPackageSources/com.unity.ui/Core/DropdownUtility.cs:17 
  at UnityEditor.UIElements.EditorMenuExtensions.RegisterEditorDropdown () [0x00001] in /Users/bokken/buildslave/unity/build/External/MirroredPackageSources/com.unity.ui/Editor/EditorMenuExtensions.cs:11 

(Filename: /Users/bokken/buildslave/unity/build/External/MirroredPackageSources/com.unity.ui/Core/DropdownUtility.cs Line: 17)

ASSEMBLY OVERRIDES: * override found for Unity assembly UnityEngine.UIElementsModule.dll (override path Library/ScriptAssemblies/UnityEngine.UIElementsModule.dll)
ASSEMBLY OVERRIDES: * override found for Unity assembly UnityEditor.UIBuilderModule.dll (override path Library/ScriptAssemblies/UnityEditor.UIBuilderModule.dll)
ASSEMBLY OVERRIDES: * override found for Unity assembly UnityEditor.UIElementsModule.dll (override path Library/ScriptAssemblies/UnityEditor.UIElementsModule.dll)
Mono: successfully reloaded assembly
ArgumentException: An item with the same key has already been added. Key: UnityEditor.UIElements.EditorAtlasMonitorInjector
Parameter name: key
  at System.Collections.Generic.SortedList`2[TKey,TValue].Add (TKey key, TValue value) [0x00041] in <480201908ed94ddaa0561e2e6e0ddd4e>:0 
  at UnityEditor.AssetPostprocessingInternal.GetTextureProcessorsHashString () [0x000a6] in /Users/bokken/buildslave/unity/build/Editor/Mono/AssetPostprocessor.cs:468 
UnityEngine.DebugLogHandler:Internal_LogException(Exception, Object)
UnityEngine.DebugLogHandler:LogException(Exception, Object)
UnityEngine.Logger:LogException(Exception, Object)
UnityEngine.Debug:LogException(Exception)
UnityEditor.AssetPostprocessingInternal:GetTextureProcessorsHashString() (at /Users/bokken/buildslave/unity/build/Editor/Mono/AssetPostprocessor.cs:477)

(Filename: /Users/bokken/buildslave/unity/build/Editor/Mono/AssetPostprocessor.cs Line: 468)

- Completed reload, in  1.030 seconds
Platform modules already initialized, skipping
Refreshing native plugins compatible for Editor in 0.61 ms, found 1 plugins.
Preloading 0 native plugins for Editor in 0.00 ms.
Unloading 3329 Unused Serialized files (Serialized files now loaded: 0)
System memory in use before: 206.9 MB.
System memory in use after: 207.1 MB.

Unloading 11 unused Assets to reduce memory usage. Loaded Objects now: 3805.
Total: 1.860580 ms (FindLiveObjects: 0.228863 ms CreateObjectMapping: 0.125271 ms MarkObjects: 1.455976 ms  DeleteObjects: 0.049760 ms)

========================================================================
Received Prepare
Registering precompiled user dll's ...
Registered in 0.001804 seconds.
ASSEMBLY OVERRIDES: * override found for Unity assembly UnityEngine.UIElementsModule.dll (override path Library/ScriptAssemblies/UnityEngine.UIElementsModule.dll)
ASSEMBLY OVERRIDES: * override found for Unity assembly UnityEditor.UIBuilderModule.dll (override path Library/ScriptAssemblies/UnityEditor.UIBuilderModule.dll)
ASSEMBLY OVERRIDES: * override found for Unity assembly UnityEditor.UIElementsModule.dll (override path Library/ScriptAssemblies/UnityEditor.UIElementsModule.dll)
Begin MonoManager ReloadAssembly
Symbol file LoadedFromMemory is not a mono symbol file
Multiple scripted importers are targeting the extension 'uxml' and have all been rejected: UnityEditor.UIElements.UIElementsViewImporter (assembly: /Applications/Unity/Hub/Editor/2021.1.5f1/Unity.app/Contents/Managed/UnityEngine/UnityEditor.UIElementsModule.dll), UnityEditor.UIElements.UIElementsViewImporter (assembly: /Applications/Unity/Hub/Editor/2021.1.5f1/Unity.app/Contents/Managed/UnityEngine/UnityEditor.UIElementsModule.dll) 
UnityEngine.StackTraceUtility:ExtractStackTrace () (at /Users/bokken/buildslave/unity/build/Runtime/Export/Scripting/StackTrace.cs:37)
UnityEngine.DebugLogHandler:LogFormat (UnityEngine.LogType,UnityEngine.Object,string,object[])
UnityEngine.Logger:Log (UnityEngine.LogType,object)
UnityEngine.Debug:LogError (object)
UnityEditor.AssetImporters.ScriptedImporter:RegisterScriptedImporters () (at /Users/bokken/buildslave/unity/build/Modules/AssetPipelineEditor/Public/ScriptedImporter.cs:89)

(Filename: /Users/bokken/buildslave/unity/build/Runtime/Export/Scripting/StackTrace.cs Line: 37)

Multiple scripted importers are targeting the extension 'uss' and have all been rejected: UnityEditor.UIElements.StyleSheets.StyleSheetImporter (assembly: /Applications/Unity/Hub/Editor/2021.1.5f1/Unity.app/Contents/Managed/UnityEngine/UnityEditor.UIElementsModule.dll), UnityEditor.UIElements.StyleSheets.StyleSheetImporter (assembly: /Applications/Unity/Hub/Editor/2021.1.5f1/Unity.app/Contents/Managed/UnityEngine/UnityEditor.UIElementsModule.dll) 
UnityEngine.StackTraceUtility:ExtractStackTrace () (at /Users/bokken/buildslave/unity/build/Runtime/Export/Scripting/StackTrace.cs:37)
UnityEngine.DebugLogHandler:LogFormat (UnityEngine.LogType,UnityEngine.Object,string,object[])
UnityEngine.Logger:Log (UnityEngine.LogType,object)
UnityEngine.Debug:LogError (object)
UnityEditor.AssetImporters.ScriptedImporter:RegisterScriptedImporters () (at /Users/bokken/buildslave/unity/build/Modules/AssetPipelineEditor/Public/ScriptedImporter.cs:89)

(Filename: /Users/bokken/buildslave/unity/build/Runtime/Export/Scripting/StackTrace.cs Line: 37)

Multiple scripted importers are targeting the extension 'tss' and have all been rejected: UnityEditor.UIElements.StyleSheets.ThemeStyleSheetImporter (assembly: /Applications/Unity/Hub/Editor/2021.1.5f1/Unity.app/Contents/Managed/UnityEngine/UnityEditor.UIElementsModule.dll), UnityEditor.UIElements.StyleSheets.ThemeStyleSheetImporter (assembly: /Applications/Unity/Hub/Editor/2021.1.5f1/Unity.app/Contents/Managed/UnityEngine/UnityEditor.UIElementsModule.dll) 
UnityEngine.StackTraceUtility:ExtractStackTrace () (at /Users/bokken/buildslave/unity/build/Runtime/Export/Scripting/StackTrace.cs:37)
UnityEngine.DebugLogHandler:LogFormat (UnityEngine.LogType,UnityEngine.Object,string,object[])
UnityEngine.Logger:Log (UnityEngine.LogType,object)
UnityEngine.Debug:LogError (object)
UnityEditor.AssetImporters.ScriptedImporter:RegisterScriptedImporters () (at /Users/bokken/buildslave/unity/build/Modules/AssetPipelineEditor/Public/ScriptedImporter.cs:89)

(Filename: /Users/bokken/buildslave/unity/build/Runtime/Export/Scripting/StackTrace.cs Line: 37)

Native extension for OSXStandalone target not found
Refreshing native plugins compatible for Editor in 0.61 ms, found 1 plugins.
Preloading 0 native plugins for Editor in 0.00 ms.
ASSEMBLY OVERRIDES: * override found for Unity assembly UnityEngine.UIElementsModule.dll (override path Library/ScriptAssemblies/UnityEngine.UIElementsModule.dll)
ASSEMBLY OVERRIDES: * override found for Unity assembly UnityEditor.UIBuilderModule.dll (override path Library/ScriptAssemblies/UnityEditor.UIBuilderModule.dll)
ASSEMBLY OVERRIDES: * override found for Unity assembly UnityEditor.UIElementsModule.dll (override path Library/ScriptAssemblies/UnityEditor.UIElementsModule.dll)
System.ArgumentException: A factory for the type Unity.UI.Builder.BuilderPane+UxmlFactory was already registered
  at UnityEngine.UIElements.VisualElementFactoryRegistry.RegisterFactory (UnityEngine.UIElements.IUxmlFactory factory) [0x00040] in /Users/bokken/buildslave/unity/build/External/MirroredPackageSources/com.unity.ui/Core/UXML/VisualElementFactoryRegistry.cs:36 
  at UnityEditor.UIElements.UXMLEditorFactories..cctor () [0x0028e] in /Users/bokken/buildslave/unity/build/External/MirroredPackageSources/com.unity.ui/Editor/UXMLEditorFactories.cs:104 
UnityEngine.StackTraceUtility:ExtractStackTrace () (at /Users/bokken/buildslave/unity/build/Runtime/Export/Scripting/StackTrace.cs:37)
UnityEngine.DebugLogHandler:LogFormat (UnityEngine.LogType,UnityEngine.Object,string,object[])
UnityEngine.Logger:Log (UnityEngine.LogType,object)
UnityEngine.Debug:LogError (object)
UnityEditor.EditorAssemblies:ProcessInitializeOnLoadAttributes (System.Type[]) (at /Users/bokken/buildslave/unity/build/Editor/Mono/EditorAssemblies.cs:118)

(Filename: /Users/bokken/buildslave/unity/build/Runtime/Export/Scripting/StackTrace.cs Line: 37)

System.ArgumentException: A factory for the type Unity.UI.Builder.BuilderPane+UxmlFactory was already registered
  at UnityEngine.UIElements.VisualElementFactoryRegistry.RegisterFactory (UnityEngine.UIElements.IUxmlFactory factory) [0x00040] in /Users/bokken/buildslave/unity/build/External/MirroredPackageSources/com.unity.ui/Core/UXML/VisualElementFactoryRegistry.cs:36 
  at UnityEditor.UIElements.UXMLEditorFactories..cctor () [0x0028e] in /Users/bokken/buildslave/unity/build/External/MirroredPackageSources/com.unity.ui/Editor/UXMLEditorFactories.cs:104 
UnityEngine.StackTraceUtility:ExtractStackTrace () (at /Users/bokken/buildslave/unity/build/Runtime/Export/Scripting/StackTrace.cs:37)
UnityEngine.DebugLogHandler:LogFormat (UnityEngine.LogType,UnityEngine.Object,string,object[])
UnityEngine.Logger:Log (UnityEngine.LogType,object)
UnityEngine.Debug:LogError (object)
UnityEditor.EditorAssemblies:ProcessInitializeOnLoadAttributes (System.Type[]) (at /Users/bokken/buildslave/unity/build/Editor/Mono/EditorAssemblies.cs:118)

(Filename: /Users/bokken/buildslave/unity/build/Runtime/Export/Scripting/StackTrace.cs Line: 37)

FieldAccessException: Field `UnityEngine.UIElements.TextDelegates:ImportDefaultTextSettings' is inaccessible from method `UnityEditor.UIElements.Text.TextDelegates:InitializeDelegates ()'


FieldAccessException: Field `UnityEngine.UIElements.TextHandleFactory:CreateEditorHandle' is inaccessible from method `UnityEngine.UIElements.Text.TextCoreHandle:InjectTextCoreHandle ()'


FieldAccessException: Field `UnityEngine.UIElements.TextDelegates:GetFont' is inaccessible from method `UnityEngine.UIElements.Text.TextDelegates:InitializeDelegates ()'
  at UnityEngine.UIElements.Text.TextDelegates.EditorInitialization () [0x00001] in /Users/matt/Downloads/UI builder test 2/Library/PackageCache/com.unity.ui@1.0.0-preview.14/Text/Delegates/TextDelegates.cs:38 

(Filename: Library/PackageCache/com.unity.ui@1.0.0-preview.14/Text/Delegates/TextDelegates.cs Line: 38)

UnityException: The MakeClientFunc has already been registered. Registration denied.
  at UnityEngine.UIElements.DragAndDropUtility.RegisterMakeClientFunc (System.Func`1[TResult] makeClient) [0x0000d] in /Users/bokken/buildslave/unity/build/External/MirroredPackageSources/com.unity.ui/Core/DragAndDrop/DragAndDropUtility.cs:30 
  at UnityEditor.UIElements.EditorDragAndDrop.RegisterEditorClient () [0x00001] in /Users/bokken/buildslave/unity/build/External/MirroredPackageSources/com.unity.ui/Editor/EditorDragAndDrop.cs:15 

(Filename: /Users/bokken/buildslave/unity/build/External/MirroredPackageSources/com.unity.ui/Core/DragAndDrop/DragAndDropUtility.cs Line: 30)

UnityException: The MakeDropdownFunc has already been registered. Registration denied.
  at UnityEngine.UIElements.DropdownUtility.RegisterMakeDropdownFunc (System.Func`1[TResult] makeClient) [0x0000d] in /Users/bokken/buildslave/unity/build/External/MirroredPackageSources/com.unity.ui/Core/DropdownUtility.cs:17 
  at UnityEditor.UIElements.EditorMenuExtensions.RegisterEditorDropdown () [0x00001] in /Users/bokken/buildslave/unity/build/External/MirroredPackageSources/com.unity.ui/Editor/EditorMenuExtensions.cs:11 

(Filename: /Users/bokken/buildslave/unity/build/External/MirroredPackageSources/com.unity.ui/Core/DropdownUtility.cs Line: 17)

ASSEMBLY OVERRIDES: * override found for Unity assembly UnityEngine.UIElementsModule.dll (override path Library/ScriptAssemblies/UnityEngine.UIElementsModule.dll)
ASSEMBLY OVERRIDES: * override found for Unity assembly UnityEditor.UIBuilderModule.dll (override path Library/ScriptAssemblies/UnityEditor.UIBuilderModule.dll)
ASSEMBLY OVERRIDES: * override found for Unity assembly UnityEditor.UIElementsModule.dll (override path Library/ScriptAssemblies/UnityEditor.UIElementsModule.dll)
Mono: successfully reloaded assembly
ArgumentException: An item with the same key has already been added. Key: UnityEditor.UIElements.EditorAtlasMonitorInjector
Parameter name: key
  at System.Collections.Generic.SortedList`2[TKey,TValue].Add (TKey key, TValue value) [0x00041] in <480201908ed94ddaa0561e2e6e0ddd4e>:0 
  at UnityEditor.AssetPostprocessingInternal.GetTextureProcessorsHashString () [0x000a6] in /Users/bokken/buildslave/unity/build/Editor/Mono/AssetPostprocessor.cs:468 
UnityEngine.DebugLogHandler:Internal_LogException(Exception, Object)
UnityEngine.DebugLogHandler:LogException(Exception, Object)
UnityEngine.Logger:LogException(Exception, Object)
UnityEngine.Debug:LogException(Exception)
UnityEditor.AssetPostprocessingInternal:GetTextureProcessorsHashString() (at /Users/bokken/buildslave/unity/build/Editor/Mono/AssetPostprocessor.cs:477)

(Filename: /Users/bokken/buildslave/unity/build/Editor/Mono/AssetPostprocessor.cs Line: 468)

- Completed reload, in  1.118 seconds
Platform modules already initialized, skipping
Refreshing native plugins compatible for Editor in 0.61 ms, found 1 plugins.
Preloading 0 native plugins for Editor in 0.00 ms.
Unloading 3329 Unused Serialized files (Serialized files now loaded: 0)
System memory in use before: 207.1 MB.
System memory in use after: 207.3 MB.

Unloading 11 unused Assets to reduce memory usage. Loaded Objects now: 3808.
Total: 2.122865 ms (FindLiveObjects: 0.244302 ms CreateObjectMapping: 0.171438 ms MarkObjects: 1.659656 ms  DeleteObjects: 0.046561 ms)

========================================================================
Received Prepare
Registering precompiled user dll's ...
Registered in 0.001538 seconds.
ASSEMBLY OVERRIDES: * override found for Unity assembly UnityEngine.UIElementsModule.dll (override path Library/ScriptAssemblies/UnityEngine.UIElementsModule.dll)
ASSEMBLY OVERRIDES: * override found for Unity assembly UnityEditor.UIBuilderModule.dll (override path Library/ScriptAssemblies/UnityEditor.UIBuilderModule.dll)
ASSEMBLY OVERRIDES: * override found for Unity assembly UnityEditor.UIElementsModule.dll (override path Library/ScriptAssemblies/UnityEditor.UIElementsModule.dll)
Begin MonoManager ReloadAssembly
Symbol file LoadedFromMemory is not a mono symbol file
Multiple scripted importers are targeting the extension 'uxml' and have all been rejected: UnityEditor.UIElements.UIElementsViewImporter (assembly: /Applications/Unity/Hub/Editor/2021.1.5f1/Unity.app/Contents/Managed/UnityEngine/UnityEditor.UIElementsModule.dll), UnityEditor.UIElements.UIElementsViewImporter (assembly: /Applications/Unity/Hub/Editor/2021.1.5f1/Unity.app/Contents/Managed/UnityEngine/UnityEditor.UIElementsModule.dll) 
UnityEngine.StackTraceUtility:ExtractStackTrace () (at /Users/bokken/buildslave/unity/build/Runtime/Export/Scripting/StackTrace.cs:37)
UnityEngine.DebugLogHandler:LogFormat (UnityEngine.LogType,UnityEngine.Object,string,object[])
UnityEngine.Logger:Log (UnityEngine.LogType,object)
UnityEngine.Debug:LogError (object)
UnityEditor.AssetImporters.ScriptedImporter:RegisterScriptedImporters () (at /Users/bokken/buildslave/unity/build/Modules/AssetPipelineEditor/Public/ScriptedImporter.cs:89)

(Filename: /Users/bokken/buildslave/unity/build/Runtime/Export/Scripting/StackTrace.cs Line: 37)

Multiple scripted importers are targeting the extension 'uss' and have all been rejected: UnityEditor.UIElements.StyleSheets.StyleSheetImporter (assembly: /Applications/Unity/Hub/Editor/2021.1.5f1/Unity.app/Contents/Managed/UnityEngine/UnityEditor.UIElementsModule.dll), UnityEditor.UIElements.StyleSheets.StyleSheetImporter (assembly: /Applications/Unity/Hub/Editor/2021.1.5f1/Unity.app/Contents/Managed/UnityEngine/UnityEditor.UIElementsModule.dll) 
UnityEngine.StackTraceUtility:ExtractStackTrace () (at /Users/bokken/buildslave/unity/build/Runtime/Export/Scripting/StackTrace.cs:37)
UnityEngine.DebugLogHandler:LogFormat (UnityEngine.LogType,UnityEngine.Object,string,object[])
UnityEngine.Logger:Log (UnityEngine.LogType,object)
UnityEngine.Debug:LogError (object)
UnityEditor.AssetImporters.ScriptedImporter:RegisterScriptedImporters () (at /Users/bokken/buildslave/unity/build/Modules/AssetPipelineEditor/Public/ScriptedImporter.cs:89)

(Filename: /Users/bokken/buildslave/unity/build/Runtime/Export/Scripting/StackTrace.cs Line: 37)

Multiple scripted importers are targeting the extension 'tss' and have all been rejected: UnityEditor.UIElements.StyleSheets.ThemeStyleSheetImporter (assembly: /Applications/Unity/Hub/Editor/2021.1.5f1/Unity.app/Contents/Managed/UnityEngine/UnityEditor.UIElementsModule.dll), UnityEditor.UIElements.StyleSheets.ThemeStyleSheetImporter (assembly: /Applications/Unity/Hub/Editor/2021.1.5f1/Unity.app/Contents/Managed/UnityEngine/UnityEditor.UIElementsModule.dll) 
UnityEngine.StackTraceUtility:ExtractStackTrace () (at /Users/bokken/buildslave/unity/build/Runtime/Export/Scripting/StackTrace.cs:37)
UnityEngine.DebugLogHandler:LogFormat (UnityEngine.LogType,UnityEngine.Object,string,object[])
UnityEngine.Logger:Log (UnityEngine.LogType,object)
UnityEngine.Debug:LogError (object)
UnityEditor.AssetImporters.ScriptedImporter:RegisterScriptedImporters () (at /Users/bokken/buildslave/unity/build/Modules/AssetPipelineEditor/Public/ScriptedImporter.cs:89)

(Filename: /Users/bokken/buildslave/unity/build/Runtime/Export/Scripting/StackTrace.cs Line: 37)

Native extension for OSXStandalone target not found
Refreshing native plugins compatible for Editor in 0.60 ms, found 1 plugins.
Preloading 0 native plugins for Editor in 0.00 ms.
ASSEMBLY OVERRIDES: * override found for Unity assembly UnityEngine.UIElementsModule.dll (override path Library/ScriptAssemblies/UnityEngine.UIElementsModule.dll)
ASSEMBLY OVERRIDES: * override found for Unity assembly UnityEditor.UIBuilderModule.dll (override path Library/ScriptAssemblies/UnityEditor.UIBuilderModule.dll)
ASSEMBLY OVERRIDES: * override found for Unity assembly UnityEditor.UIElementsModule.dll (override path Library/ScriptAssemblies/UnityEditor.UIElementsModule.dll)
System.ArgumentException: A factory for the type Unity.UI.Builder.BuilderPane+UxmlFactory was already registered
  at UnityEngine.UIElements.VisualElementFactoryRegistry.RegisterFactory (UnityEngine.UIElements.IUxmlFactory factory) [0x00040] in /Users/bokken/buildslave/unity/build/External/MirroredPackageSources/com.unity.ui/Core/UXML/VisualElementFactoryRegistry.cs:36 
  at UnityEditor.UIElements.UXMLEditorFactories..cctor () [0x0028e] in /Users/bokken/buildslave/unity/build/External/MirroredPackageSources/com.unity.ui/Editor/UXMLEditorFactories.cs:104 
UnityEngine.StackTraceUtility:ExtractStackTrace () (at /Users/bokken/buildslave/unity/build/Runtime/Export/Scripting/StackTrace.cs:37)
UnityEngine.DebugLogHandler:LogFormat (UnityEngine.LogType,UnityEngine.Object,string,object[])
UnityEngine.Logger:Log (UnityEngine.LogType,object)
UnityEngine.Debug:LogError (object)
UnityEditor.EditorAssemblies:ProcessInitializeOnLoadAttributes (System.Type[]) (at /Users/bokken/buildslave/unity/build/Editor/Mono/EditorAssemblies.cs:118)

(Filename: /Users/bokken/buildslave/unity/build/Runtime/Export/Scripting/StackTrace.cs Line: 37)

System.ArgumentException: A factory for the type Unity.UI.Builder.BuilderPane+UxmlFactory was already registered
  at UnityEngine.UIElements.VisualElementFactoryRegistry.RegisterFactory (UnityEngine.UIElements.IUxmlFactory factory) [0x00040] in /Users/bokken/buildslave/unity/build/External/MirroredPackageSources/com.unity.ui/Core/UXML/VisualElementFactoryRegistry.cs:36 
  at UnityEditor.UIElements.UXMLEditorFactories..cctor () [0x0028e] in /Users/bokken/buildslave/unity/build/External/MirroredPackageSources/com.unity.ui/Editor/UXMLEditorFactories.cs:104 
UnityEngine.StackTraceUtility:ExtractStackTrace () (at /Users/bokken/buildslave/unity/build/Runtime/Export/Scripting/StackTrace.cs:37)
UnityEngine.DebugLogHandler:LogFormat (UnityEngine.LogType,UnityEngine.Object,string,object[])
UnityEngine.Logger:Log (UnityEngine.LogType,object)
UnityEngine.Debug:LogError (object)
UnityEditor.EditorAssemblies:ProcessInitializeOnLoadAttributes (System.Type[]) (at /Users/bokken/buildslave/unity/build/Editor/Mono/EditorAssemblies.cs:118)

(Filename: /Users/bokken/buildslave/unity/build/Runtime/Export/Scripting/StackTrace.cs Line: 37)

FieldAccessException: Field `UnityEngine.UIElements.TextDelegates:ImportDefaultTextSettings' is inaccessible from method `UnityEditor.UIElements.Text.TextDelegates:InitializeDelegates ()'


FieldAccessException: Field `UnityEngine.UIElements.TextHandleFactory:CreateEditorHandle' is inaccessible from method `UnityEngine.UIElements.Text.TextCoreHandle:InjectTextCoreHandle ()'


FieldAccessException: Field `UnityEngine.UIElements.TextDelegates:GetFont' is inaccessible from method `UnityEngine.UIElements.Text.TextDelegates:InitializeDelegates ()'
  at UnityEngine.UIElements.Text.TextDelegates.EditorInitialization () [0x00001] in /Users/matt/Downloads/UI builder test 2/Library/PackageCache/com.unity.ui@1.0.0-preview.14/Text/Delegates/TextDelegates.cs:38 

(Filename: Library/PackageCache/com.unity.ui@1.0.0-preview.14/Text/Delegates/TextDelegates.cs Line: 38)

UnityException: The MakeClientFunc has already been registered. Registration denied.
  at UnityEngine.UIElements.DragAndDropUtility.RegisterMakeClientFunc (System.Func`1[TResult] makeClient) [0x0000d] in /Users/bokken/buildslave/unity/build/External/MirroredPackageSources/com.unity.ui/Core/DragAndDrop/DragAndDropUtility.cs:30 
  at UnityEditor.UIElements.EditorDragAndDrop.RegisterEditorClient () [0x00001] in /Users/bokken/buildslave/unity/build/External/MirroredPackageSources/com.unity.ui/Editor/EditorDragAndDrop.cs:15 

(Filename: /Users/bokken/buildslave/unity/build/External/MirroredPackageSources/com.unity.ui/Core/DragAndDrop/DragAndDropUtility.cs Line: 30)

UnityException: The MakeDropdownFunc has already been registered. Registration denied.
  at UnityEngine.UIElements.DropdownUtility.RegisterMakeDropdownFunc (System.Func`1[TResult] makeClient) [0x0000d] in /Users/bokken/buildslave/unity/build/External/MirroredPackageSources/com.unity.ui/Core/DropdownUtility.cs:17 
  at UnityEditor.UIElements.EditorMenuExtensions.RegisterEditorDropdown () [0x00001] in /Users/bokken/buildslave/unity/build/External/MirroredPackageSources/com.unity.ui/Editor/EditorMenuExtensions.cs:11 

(Filename: /Users/bokken/buildslave/unity/build/External/MirroredPackageSources/com.unity.ui/Core/DropdownUtility.cs Line: 17)

ASSEMBLY OVERRIDES: * override found for Unity assembly UnityEngine.UIElementsModule.dll (override path Library/ScriptAssemblies/UnityEngine.UIElementsModule.dll)
ASSEMBLY OVERRIDES: * override found for Unity assembly UnityEditor.UIBuilderModule.dll (override path Library/ScriptAssemblies/UnityEditor.UIBuilderModule.dll)
ASSEMBLY OVERRIDES: * override found for Unity assembly UnityEditor.UIElementsModule.dll (override path Library/ScriptAssemblies/UnityEditor.UIElementsModule.dll)
Mono: successfully reloaded assembly
ArgumentException: An item with the same key has already been added. Key: UnityEditor.UIElements.EditorAtlasMonitorInjector
Parameter name: key
  at System.Collections.Generic.SortedList`2[TKey,TValue].Add (TKey key, TValue value) [0x00041] in <480201908ed94ddaa0561e2e6e0ddd4e>:0 
  at UnityEditor.AssetPostprocessingInternal.GetTextureProcessorsHashString () [0x000a6] in /Users/bokken/buildslave/unity/build/Editor/Mono/AssetPostprocessor.cs:468 
UnityEngine.DebugLogHandler:Internal_LogException(Exception, Object)
UnityEngine.DebugLogHandler:LogException(Exception, Object)
UnityEngine.Logger:LogException(Exception, Object)
UnityEngine.Debug:LogException(Exception)
UnityEditor.AssetPostprocessingInternal:GetTextureProcessorsHashString() (at /Users/bokken/buildslave/unity/build/Editor/Mono/AssetPostprocessor.cs:477)

(Filename: /Users/bokken/buildslave/unity/build/Editor/Mono/AssetPostprocessor.cs Line: 468)

- Completed reload, in  1.005 seconds
Platform modules already initialized, skipping
Refreshing native plugins compatible for Editor in 0.62 ms, found 1 plugins.
Preloading 0 native plugins for Editor in 0.00 ms.
Unloading 3329 Unused Serialized files (Serialized files now loaded: 0)
System memory in use before: 207.2 MB.
System memory in use after: 207.4 MB.

Unloading 11 unused Assets to reduce memory usage. Loaded Objects now: 3811.
Total: 2.011423 ms (FindLiveObjects: 0.234882 ms CreateObjectMapping: 0.155862 ms MarkObjects: 1.575932 ms  DeleteObjects: 0.044055 ms)

